[debug] [2023-07-16T13:27:13.612Z] ----------------------------------------------------------------------
[debug] [2023-07-16T13:27:13.617Z] Command:       C:\Program Files\nodejs\node.exe C:\Users\kathkygo\AppData\Roaming\npm\node_modules\firebase-tools\lib\bin\firebase.js init
[debug] [2023-07-16T13:27:13.619Z] CLI Version:   12.4.4
[debug] [2023-07-16T13:27:13.620Z] Platform:      win32
[debug] [2023-07-16T13:27:13.621Z] Node Version:  v18.16.0
[debug] [2023-07-16T13:27:13.624Z] Time:          Sun Jul 16 2023 15:27:13 GMT+0200 (South Africa Standard Time)
[debug] [2023-07-16T13:27:13.624Z] ----------------------------------------------------------------------
[debug] 
[debug] [2023-07-16T13:27:13.652Z] > command requires scopes: ["email","openid","https://www.googleapis.com/auth/cloudplatformprojects.readonly","https://www.googleapis.com/auth/firebase","https://www.googleapis.com/auth/cloud-platform"]
[debug] [2023-07-16T13:27:13.653Z] > authorizing via signed-in user (rabalaond@gmail.com)
[info] 
     ######## #### ########  ######## ########     ###     ######  ########
     ##        ##  ##     ## ##       ##     ##  ##   ##  ##       ##
     ######    ##  ########  ######   ########  #########  ######  ######
     ##        ##  ##    ##  ##       ##     ## ##     ##       ## ##
     ##       #### ##     ## ######## ########  ##     ##  ######  ########

You're about to initialize a Firebase project in this directory:

  C:\Users\kathkygo\Desktop\ReactJS\hotel-app\hotel-booking-app

[info] 
=== Project Setup
[info] 
[info] First, let's associate this project directory with a Firebase project.
[info] You can create multiple project aliases by running firebase use --add, 
[info] but for now we'll just set up a default project.
[info] 
[debug] [2023-07-16T13:31:32.307Z] >>> [apiv2][query] GET https://firebase.googleapis.com/v1beta1/projects pageSize=100
[debug] [2023-07-16T13:31:33.518Z] <<< [apiv2][status] GET https://firebase.googleapis.com/v1beta1/projects 200
[debug] [2023-07-16T13:31:33.519Z] <<< [apiv2][body] GET https://firebase.googleapis.com/v1beta1/projects [omitted]
[info] i  Using project hotel-app-f6ef9 (hotel-app) 
[info] 
=== Firestore Setup
[debug] [2023-07-16T13:31:42.911Z] >>> [apiv2][query] GET https://serviceusage.googleapis.com/v1/projects/hotel-app-f6ef9/services/firestore.googleapis.com [none]
[debug] [2023-07-16T13:31:42.911Z] >>> [apiv2][(partial)header] GET https://serviceusage.googleapis.com/v1/projects/hotel-app-f6ef9/services/firestore.googleapis.com x-goog-quota-user=projects/hotel-app-f6ef9
[debug] [2023-07-16T13:31:45.245Z] <<< [apiv2][status] GET https://serviceusage.googleapis.com/v1/projects/hotel-app-f6ef9/services/firestore.googleapis.com 200
[debug] [2023-07-16T13:31:45.245Z] <<< [apiv2][body] GET https://serviceusage.googleapis.com/v1/projects/hotel-app-f6ef9/services/firestore.googleapis.com [omitted]
[debug] [2023-07-16T13:31:45.247Z] >>> [apiv2][query] GET https://firestore.googleapis.com/v1/projects/hotel-app-f6ef9/databases/(default) [none]
[debug] [2023-07-16T13:31:47.379Z] <<< [apiv2][status] GET https://firestore.googleapis.com/v1/projects/hotel-app-f6ef9/databases/(default) 200
[debug] [2023-07-16T13:31:47.380Z] <<< [apiv2][body] GET https://firestore.googleapis.com/v1/projects/hotel-app-f6ef9/databases/(default) {"name":"projects/hotel-app-f6ef9/databases/(default)","uid":"f143085e-72c9-404d-ac5e-aa3f48d6d848","createTime":"2023-07-03T07:03:30.965811Z","updateTime":"2023-07-03T07:03:30.965811Z","locationId":"nam5","type":"FIRESTORE_NATIVE","concurrencyMode":"PESSIMISTIC","versionRetentionPeriod":"3600s","earliestVersionTime":"2023-07-16T12:31:47.294482Z","appEngineIntegrationMode":"DISABLED","keyPrefix":"s","pointInTimeRecoveryEnablement":"POINT_IN_TIME_RECOVERY_DISABLED","deleteProtectionState":"DELETE_PROTECTION_DISABLED","etag":"IIGkhKGrk4ADMIDXhtP88f8C"}
[debug] [2023-07-16T13:31:47.381Z] database_type: FIRESTORE_NATIVE
[debug] [2023-07-16T13:31:47.382Z] > command requires scopes: ["email","openid","https://www.googleapis.com/auth/cloudplatformprojects.readonly","https://www.googleapis.com/auth/firebase","https://www.googleapis.com/auth/cloud-platform"]
[debug] [2023-07-16T13:31:47.383Z] > authorizing via signed-in user (rabalaond@gmail.com)
[debug] [2023-07-16T13:31:47.383Z] [iam] checking project hotel-app-f6ef9 for permissions ["firebase.projects.get"]
[debug] [2023-07-16T13:31:47.385Z] >>> [apiv2][query] POST https://cloudresourcemanager.googleapis.com/v1/projects/hotel-app-f6ef9:testIamPermissions [none]
[debug] [2023-07-16T13:31:47.386Z] >>> [apiv2][(partial)header] POST https://cloudresourcemanager.googleapis.com/v1/projects/hotel-app-f6ef9:testIamPermissions x-goog-quota-user=projects/hotel-app-f6ef9
[debug] [2023-07-16T13:31:47.387Z] >>> [apiv2][body] POST https://cloudresourcemanager.googleapis.com/v1/projects/hotel-app-f6ef9:testIamPermissions {"permissions":["firebase.projects.get"]}
[debug] [2023-07-16T13:31:49.285Z] <<< [apiv2][status] POST https://cloudresourcemanager.googleapis.com/v1/projects/hotel-app-f6ef9:testIamPermissions 200
[debug] [2023-07-16T13:31:49.286Z] <<< [apiv2][body] POST https://cloudresourcemanager.googleapis.com/v1/projects/hotel-app-f6ef9:testIamPermissions {"permissions":["firebase.projects.get"]}
[info] 
[info] Firestore Security Rules allow you to define how and when to allow
[info] requests. You can keep these rules in your project directory
[info] and publish them with firebase deploy.
[info] 
[debug] [2023-07-16T13:32:05.756Z] >>> [apiv2][query] GET https://firebaserules.googleapis.com/v1/projects/hotel-app-f6ef9/releases pageSize=10&pageToken=
[debug] [2023-07-16T13:32:07.135Z] <<< [apiv2][status] GET https://firebaserules.googleapis.com/v1/projects/hotel-app-f6ef9/releases 200
[debug] [2023-07-16T13:32:07.136Z] <<< [apiv2][body] GET https://firebaserules.googleapis.com/v1/projects/hotel-app-f6ef9/releases {"releases":[{"name":"projects/hotel-app-f6ef9/releases/cloud.firestore","rulesetName":"projects/hotel-app-f6ef9/rulesets/bc920fbe-b5c4-4173-8f99-e6a738c52300","createTime":"2023-07-03T07:03:41.821274Z","updateTime":"2023-07-03T07:03:41.821274Z"},{"name":"projects/hotel-app-f6ef9/releases/firebase.storage/hotel-app-f6ef9.appspot.com","rulesetName":"projects/hotel-app-f6ef9/rulesets/796acbb4-7cae-4fe6-bbb2-8e94043b0cba","createTime":"2023-07-07T10:06:47.217261Z","updateTime":"2023-07-07T10:06:47.217261Z"}]}
[debug] [2023-07-16T13:32:07.136Z] Found ruleset: projects/hotel-app-f6ef9/rulesets/bc920fbe-b5c4-4173-8f99-e6a738c52300
[debug] [2023-07-16T13:32:07.137Z] >>> [apiv2][query] GET https://firebaserules.googleapis.com/v1/projects/hotel-app-f6ef9/rulesets/bc920fbe-b5c4-4173-8f99-e6a738c52300 [none]
[debug] [2023-07-16T13:32:07.774Z] <<< [apiv2][status] GET https://firebaserules.googleapis.com/v1/projects/hotel-app-f6ef9/rulesets/bc920fbe-b5c4-4173-8f99-e6a738c52300 200
[debug] [2023-07-16T13:32:07.775Z] <<< [apiv2][body] GET https://firebaserules.googleapis.com/v1/projects/hotel-app-f6ef9/rulesets/bc920fbe-b5c4-4173-8f99-e6a738c52300 [omitted]
[info] 
[info] Firestore indexes allow you to perform complex queries while
[info] maintaining performance that scales with the size of the result
[info] set. You can keep index definitions in your project directory
[info] and publish them with firebase deploy.
[info] 
[debug] [2023-07-16T13:32:11.847Z] >>> [apiv2][query] GET https://firestore.googleapis.com/v1/projects/hotel-app-f6ef9/databases/(default)/collectionGroups/-/indexes [none]
[debug] [2023-07-16T13:32:11.888Z] >>> [apiv2][query] GET https://firestore.googleapis.com/v1/projects/hotel-app-f6ef9/databases/(default)/collectionGroups/-/fields?filter=indexConfig.usesAncestorConfig=false OR ttlConfig:* [none]
[debug] [2023-07-16T13:32:13.971Z] <<< [apiv2][status] GET https://firestore.googleapis.com/v1/projects/hotel-app-f6ef9/databases/(default)/collectionGroups/-/fields?filter=indexConfig.usesAncestorConfig=false OR ttlConfig:* 200
[debug] [2023-07-16T13:32:13.971Z] <<< [apiv2][body] GET https://firestore.googleapis.com/v1/projects/hotel-app-f6ef9/databases/(default)/collectionGroups/-/fields?filter=indexConfig.usesAncestorConfig=false OR ttlConfig:* {"fields":[{"name":"projects/hotel-app-f6ef9/databases/(default)/collectionGroups/__default__/fields/*","indexConfig":{"indexes":[{"queryScope":"COLLECTION","fields":[{"fieldPath":"*","order":"ASCENDING"}],"state":"READY"},{"queryScope":"COLLECTION","fields":[{"fieldPath":"*","order":"DESCENDING"}],"state":"READY"},{"queryScope":"COLLECTION","fields":[{"fieldPath":"*","arrayConfig":"CONTAINS"}],"state":"READY"}]}}]}
[debug] [2023-07-16T13:32:13.982Z] <<< [apiv2][status] GET https://firestore.googleapis.com/v1/projects/hotel-app-f6ef9/databases/(default)/collectionGroups/-/indexes 200
[debug] [2023-07-16T13:32:13.983Z] <<< [apiv2][body] GET https://firestore.googleapis.com/v1/projects/hotel-app-f6ef9/databases/(default)/collectionGroups/-/indexes {"indexes":[{"name":"projects/hotel-app-f6ef9/databases/(default)/collectionGroups/rooms/indexes/CICAgOjXh4EK","queryScope":"COLLECTION","fields":[{"fieldPath":"type","order":"ASCENDING"},{"fieldPath":"price","order":"ASCENDING"},{"fieldPath":"__name__","order":"ASCENDING"}],"state":"READY"}]}
[info] 
=== Hosting Setup
[info] 
[info] Your public directory is the folder (relative to your project directory) that
[info] will contain Hosting assets to be uploaded with firebase deploy. If you
[info] have a build process for your assets, use your build's output directory.
[info] 
[debug] [2023-07-16T13:32:34.289Z] >>> [apiv2][query] GET https://www.gstatic.com/firebasejs/releases.json [none]
[debug] [2023-07-16T13:32:34.830Z] <<< [apiv2][status] GET https://www.gstatic.com/firebasejs/releases.json 200
[debug] [2023-07-16T13:32:34.831Z] <<< [apiv2][body] GET https://www.gstatic.com/firebasejs/releases.json {"current":{"version":"10.0.0","browserURL":"https://www.gstatic.com/firebasejs/10.0.0/firebase.js","packageURL":"https://www.gstatic.com/firebasejs/10.0.0/firebase.tgz"},"live":{"version":"10.0","browserURL":"https://www.gstatic.com/firebasejs/live/10.0/firebase.js","packageURL":"https://www.gstatic.com/firebasejs/live/10.0/firebase.tgz"},"components":{"analytics":"https://www.gstatic.com/firebasejs/10.0.0/firebase-analytics.js","app":"https://www.gstatic.com/firebasejs/10.0.0/firebase-app.js","app-check":"https://www.gstatic.com/firebasejs/10.0.0/firebase-app-check.js","auth":"https://www.gstatic.com/firebasejs/10.0.0/firebase-auth.js","auth/cordova":"https://www.gstatic.com/firebasejs/10.0.0/firebase-auth/cordova.js","functions":"https://www.gstatic.com/firebasejs/10.0.0/firebase-functions.js","firestore":"https://www.gstatic.com/firebasejs/10.0.0/firebase-firestore.js","firestore/lite":"https://www.gstatic.com/firebasejs/10.0.0/firebase-firestore/lite.js","installations":"https://www.gstatic.com/firebasejs/10.0.0/firebase-installations.js","storage":"https://www.gstatic.com/firebasejs/10.0.0/firebase-storage.js","performance":"https://www.gstatic.com/firebasejs/10.0.0/firebase-performance.js","remote-config":"https://www.gstatic.com/firebasejs/10.0.0/firebase-remote-config.js","messaging":"https://www.gstatic.com/firebasejs/10.0.0/firebase-messaging.js","messaging/sw":"https://www.gstatic.com/firebasejs/10.0.0/firebase-messaging/sw.js","database":"https://www.gstatic.com/firebasejs/10.0.0/firebase-database.js","firestore.memory":"https://www.gstatic.com/firebasejs/10.0.0/firebase-firestore.memory.js"}}
[info] i  Skipping write of public/index.html 
[info] 
[info] i  Detected a .git folder at C:\Users\kathkygo\Desktop\ReactJS\hotel-app\hotel-booking-app 
[info] i  Authorizing with GitHub to upload your service account to a GitHub repository's secrets store. 
[info] 
[info] Visit this URL on this device to log in:
[info] https://github.com/login/oauth/authorize?client_id=89cf50f02ac6aaed3484&state=181410254&redirect_uri=http%3A%2F%2Flocalhost%3A9005&scope=read%3Auser%20repo%20public_repo
[info] 
[info] Waiting for authentication...
[debug] [2023-07-16T13:33:23.596Z] >>> [apiv2][query] POST https://github.com/login/oauth/access_token [none]
[debug] [2023-07-16T13:33:23.597Z] >>> [apiv2][body] POST https://github.com/login/oauth/access_token [stream]
[debug] [2023-07-16T13:33:24.082Z] <<< [apiv2][status] POST https://github.com/login/oauth/access_token 200
[debug] [2023-07-16T13:33:24.082Z] <<< [apiv2][body] POST https://github.com/login/oauth/access_token {"access_token":"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","token_type":"bearer","scope":"read:user,repo"}
[debug] [2023-07-16T13:33:24.156Z] >>> [apiv2][query] GET https://api.github.com/user [none]
[debug] [2023-07-16T13:33:24.849Z] <<< [apiv2][status] GET https://api.github.com/user 200
[debug] [2023-07-16T13:33:24.849Z] <<< [apiv2][body] GET https://api.github.com/user {"login":"rabnic","id":24282428,"node_id":"MDQ6VXNlcjI0MjgyNDI4","avatar_url":"https://avatars.githubusercontent.com/u/24282428?v=4","gravatar_id":"","url":"https://api.github.com/users/rabnic","html_url":"https://github.com/rabnic","followers_url":"https://api.github.com/users/rabnic/followers","following_url":"https://api.github.com/users/rabnic/following{/other_user}","gists_url":"https://api.github.com/users/rabnic/gists{/gist_id}","starred_url":"https://api.github.com/users/rabnic/starred{/owner}{/repo}","subscriptions_url":"https://api.github.com/users/rabnic/subscriptions","organizations_url":"https://api.github.com/users/rabnic/orgs","repos_url":"https://api.github.com/users/rabnic/repos","events_url":"https://api.github.com/users/rabnic/events{/privacy}","received_events_url":"https://api.github.com/users/rabnic/received_events","type":"User","site_admin":false,"name":"Nicholas Doctor Rabalao","company":null,"blog":"","location":null,"email":"rabalaond@gmail.com","hireable":null,"bio":null,"twitter_username":null,"public_repos":23,"public_gists":0,"followers":0,"following":17,"created_at":"2016-12-01T00:02:58Z","updated_at":"2023-07-16T13:33:15Z","private_gists":0,"total_private_repos":3,"owned_private_repos":3,"disk_usage":46356,"collaborators":0,"two_factor_authentication":false,"plan":{"name":"free","space":976562499,"collaborators":0,"private_repos":10000}}
[info] 
[info] +  Success! Logged into GitHub as rabnic 
[info] 
[debug] [2023-07-16T13:33:44.338Z] >>> [apiv2][query] GET https://api.github.com/repos//actions/secrets/public-key type=owner
[debug] [2023-07-16T13:33:45.319Z] <<< [apiv2][status] GET https://api.github.com/repos//actions/secrets/public-key 404
[debug] [2023-07-16T13:33:45.320Z] <<< [apiv2][body] GET https://api.github.com/repos//actions/secrets/public-key {"message":"Not Found","documentation_url":"https://docs.github.com/rest"}
[info] 
[info] 
[error] !  The provided authorization cannot be used with this repository. If this repository is in an organization, did you remember to grant access? 
[info] 
[info] i  Action required: Visit this URL to ensure access has been granted to the appropriate organization(s) for the Firebase CLI GitHub OAuth App: 
[info] https://github.com/settings/connections/applications/89cf50f02ac6aaed3484
[info] 
[debug] [2023-07-16T13:33:57.608Z] >>> [apiv2][query] GET https://api.github.com/repos//actions/secrets/public-key type=owner
[debug] [2023-07-16T13:33:58.166Z] <<< [apiv2][status] GET https://api.github.com/repos//actions/secrets/public-key 404
[debug] [2023-07-16T13:33:58.166Z] <<< [apiv2][body] GET https://api.github.com/repos//actions/secrets/public-key {"message":"Not Found","documentation_url":"https://docs.github.com/rest"}
[info] 
[info] 
[error] !  The provided authorization cannot be used with this repository. If this repository is in an organization, did you remember to grant access? 
[info] 
[info] i  Action required: Visit this URL to ensure access has been granted to the appropriate organization(s) for the Firebase CLI GitHub OAuth App: 
[info] https://github.com/settings/connections/applications/89cf50f02ac6aaed3484
[info] 
[debug] [2023-07-16T13:35:33.536Z] >>> [apiv2][query] GET https://api.github.com/repos//actions/secrets/public-key type=owner
[debug] [2023-07-16T13:35:34.074Z] <<< [apiv2][status] GET https://api.github.com/repos//actions/secrets/public-key 404
[debug] [2023-07-16T13:35:34.075Z] <<< [apiv2][body] GET https://api.github.com/repos//actions/secrets/public-key {"message":"Not Found","documentation_url":"https://docs.github.com/rest"}
[info] 
[info] 
[error] !  The provided authorization cannot be used with this repository. If this repository is in an organization, did you remember to grant access? 
[info] 
[info] i  Action required: Visit this URL to ensure access has been granted to the appropriate organization(s) for the Firebase CLI GitHub OAuth App: 
[info] https://github.com/settings/connections/applications/89cf50f02ac6aaed3484
[info] 
